<?xml version="1.0" encoding="UTF-8"?>
<!-- Generated by org.testng.reporters.JUnitReportReporter -->
<testsuite hostname="SZ-GKLH6H2" name="com.compare.pdf.test.PDFCompareTest" tests="1" failures="0" timestamp="18 Apr 2019 09:42:45 GMT" time="32.120" errors="0">
  <testcase name="pdfCompareUrlTest" time="32.120" classname="com.compare.pdf.test.PDFCompareTest"/>
</testsuite> <!-- com.compare.pdf.test.PDFCompareTest -->
