<?xml version="1.0" encoding="UTF-8"?>
<!-- Generated by org.testng.reporters.JUnitReportReporter -->
<testsuite hostname="SZ-GKLH6H2" name="com.compare.pdf.test.PDFCompareTextTest" tests="1" failures="0" timestamp="18 Apr 2019 07:56:20 GMT" time="3.155" errors="0">
  <testcase name="pdfCompareFilePathTest" time="3.155" classname="com.compare.pdf.test.PDFCompareTextTest"/>
</testsuite> <!-- com.compare.pdf.test.PDFCompareTextTest -->
