<?xml version="1.0" encoding="UTF-8"?>
<!-- Generated by org.testng.reporters.JUnitReportReporter -->
<testsuite hostname="SZ-GKLH6H2" name="com.morningstar.PDFCompareTest" tests="2" failures="0" timestamp="18 Apr 2019 07:08:31 GMT" time="50.432" errors="0">
  <testcase name="pdfCompareFilePathTest" time="16.402" classname="com.morningstar.PDFCompareTest"/>
  <testcase name="pdfCompareUrlTest" time="34.030" classname="com.morningstar.PDFCompareTest"/>
</testsuite> <!-- com.morningstar.PDFCompareTest -->
